<?xml version="1.0" encoding="UTF-8"?>
<testng-results skipped="0" failed="0" ignored="0" total="1" passed="1">
  <reporter-output>
  </reporter-output>
  <suite name="Default suite" duration-ms="92765" started-at="2020-10-28T18:28:38 IST" finished-at="2020-10-28T18:30:11 IST">
    <groups>
    </groups>
    <test name="Default test" duration-ms="92765" started-at="2020-10-28T18:28:38 IST" finished-at="2020-10-28T18:30:11 IST">
      <class name="com.automationpractice.EcomSignUp">
        <test-method status="PASS" signature="launch()[pri:0, instance:com.automationpractice.EcomSignUp@cb51256]" name="launch" is-config="true" duration-ms="78815" started-at="2020-10-28T18:28:38 IST" finished-at="2020-10-28T18:29:57 IST">
          <reporter-output>
          </reporter-output>
        </test-method> <!-- launch -->
        <test-method status="PASS" signature="verifyElemntsOnPageTest()[pri:0, instance:com.automationpractice.EcomSignUp@cb51256]" name="verifyElemntsOnPageTest" duration-ms="13703" started-at="2020-10-28T18:29:57 IST" finished-at="2020-10-28T18:30:11 IST">
          <reporter-output>
          </reporter-output>
        </test-method> <!-- verifyElemntsOnPageTest -->
      </class> <!-- com.automationpractice.EcomSignUp -->
    </test> <!-- Default test -->
  </suite> <!-- Default suite -->
</testng-results>
